2024-07-16 22:42:42,565 - DEBUG - Color hue outside of range: 31
2024-07-16 22:42:43,479 - DEBUG - Color hue outside of range: 35
2024-07-16 22:42:44,280 - DEBUG - Color hue outside of range: 33
2024-07-16 22:42:45,871 - DEBUG - Color hue outside of range: 34
2024-07-16 22:42:48,005 - DEBUG - Color hue outside of range: 33
2024-07-16 22:42:53,114 - DEBUG - Color hue outside of range: 33
2024-07-16 22:42:53,791 - DEBUG - Color hue outside of range: 34
2024-07-16 22:42:54,484 - DEBUG - Color hue outside of range: 36
2024-07-16 22:42:55,162 - DEBUG - Color hue outside of range: 34
2024-07-16 22:42:55,162 - DEBUG - Color hue outside of range: 33
2024-07-16 22:42:58,514 - DEBUG - Color hue outside of range: 34
2024-07-16 22:42:59,212 - DEBUG - Color hue outside of range: 34
2024-07-16 22:43:01,443 - DEBUG - Color hue outside of range: 31
2024-07-16 22:43:03,135 - DEBUG - Color hue outside of range: 33
2024-07-16 22:43:05,872 - DEBUG - Color hue outside of range: 32
2024-07-16 22:43:06,969 - DEBUG - Color hue outside of range: 33
2024-07-16 22:43:06,969 - DEBUG - Color hue outside of range: 35
2024-07-16 22:43:07,307 - DEBUG - Color hue outside of range: 31
2024-07-16 22:43:08,375 - DEBUG - Color hue outside of range: 33
2024-07-16 22:43:09,092 - DEBUG - Color hue outside of range: 35
2024-07-16 22:43:11,019 - DEBUG - Color hue outside of range: 34
2024-07-16 22:43:12,082 - DEBUG - Color hue outside of range: 33
2024-07-16 22:43:12,796 - DEBUG - Color hue outside of range: 32
2024-07-16 22:43:13,143 - DEBUG - Color hue outside of range: 32
2024-07-16 22:43:13,499 - DEBUG - Color hue outside of range: 33
2024-07-16 22:43:14,193 - DEBUG - Color hue outside of range: 40
2024-07-16 22:43:14,193 - DEBUG - Color hue outside of range: 34
2024-07-16 22:43:14,193 - DEBUG - Color hue outside of range: 34
2024-07-16 22:43:15,954 - DEBUG - Color hue outside of range: 33
2024-07-16 22:43:19,130 - DEBUG - Color hue outside of range: 34
2024-07-16 22:43:19,854 - DEBUG - Color hue outside of range: 34
2024-07-16 22:43:20,925 - DEBUG - Color hue outside of range: 34
2024-07-16 22:43:21,299 - DEBUG - Color hue outside of range: 33
2024-07-16 22:43:24,328 - DEBUG - Color hue outside of range: 34
2024-07-16 22:43:26,099 - DEBUG - Color hue outside of range: 35
2024-07-16 22:43:34,311 - DEBUG - Color hue outside of range: 35
2024-07-16 22:43:38,512 - DEBUG - Color hue outside of range: 34
2024-07-16 22:43:38,885 - DEBUG - Color hue outside of range: 35
2024-07-16 22:43:40,117 - DEBUG - Color hue outside of range: 34
2024-07-16 22:43:41,596 - DEBUG - Color hue outside of range: 35
2024-07-16 22:43:42,935 - DEBUG - Color hue outside of range: 34
2024-07-16 22:43:48,765 - DEBUG - Color hue outside of range: 34
2024-07-16 22:43:51,319 - DEBUG - Color hue outside of range: 34
2024-07-16 22:43:52,410 - DEBUG - Color hue outside of range: 34
2024-07-16 22:43:53,110 - DEBUG - Color hue outside of range: 34
2024-07-16 22:43:53,456 - DEBUG - Color hue outside of range: 33
2024-07-16 22:43:56,394 - DEBUG - Color hue outside of range: 33
2024-07-16 22:43:58,711 - DEBUG - Color hue outside of range: 33
2024-07-16 22:43:59,741 - DEBUG - Color hue outside of range: 33
2024-07-16 22:44:02,319 - DEBUG - Color hue outside of range: 34
2024-07-16 22:44:02,319 - DEBUG - Color hue outside of range: 33
2024-07-16 22:44:02,319 - DEBUG - Color hue outside of range: 31
2024-07-16 22:44:03,043 - DEBUG - Color hue outside of range: 35
2024-07-16 22:44:04,643 - DEBUG - Color hue outside of range: 35
2024-07-16 22:44:06,086 - DEBUG - Color hue outside of range: 33
2024-07-16 22:44:06,086 - DEBUG - Color hue outside of range: 33
2024-07-16 22:44:06,451 - DEBUG - Color hue outside of range: 34
2024-07-16 22:44:06,452 - DEBUG - Color hue outside of range: 34
2024-07-16 22:44:06,452 - DEBUG - Color hue outside of range: 35
2024-07-16 22:44:07,564 - DEBUG - Color hue outside of range: 35
2024-07-16 22:44:07,564 - DEBUG - Color hue outside of range: 34
2024-07-16 22:44:07,955 - DEBUG - Color hue outside of range: 34
2024-07-16 22:44:08,345 - DEBUG - Color hue outside of range: 34
2024-07-16 22:44:08,345 - DEBUG - Color hue outside of range: 35
2024-07-16 22:44:08,346 - DEBUG - Color hue outside of range: 33
2024-07-16 22:44:08,734 - DEBUG - Color hue outside of range: 32
2024-07-16 22:44:09,093 - DEBUG - Color hue outside of range: 34
2024-07-16 22:44:09,093 - DEBUG - Color hue outside of range: 33
2024-07-16 22:44:09,093 - DEBUG - Color hue outside of range: 32
2024-07-16 22:44:09,810 - DEBUG - Color hue outside of range: 31
2024-07-16 22:44:09,810 - DEBUG - Color hue outside of range: 33
2024-07-16 22:44:10,186 - DEBUG - Color hue outside of range: 31
2024-07-16 22:44:10,545 - DEBUG - Color hue outside of range: 34
2024-07-16 22:44:10,545 - DEBUG - Color hue outside of range: 32
2024-07-16 22:44:10,943 - DEBUG - Color hue outside of range: 31
2024-07-16 22:44:11,346 - DEBUG - Color hue outside of range: 31
2024-07-16 22:44:13,029 - DEBUG - Color hue outside of range: 34
2024-07-16 22:44:13,030 - DEBUG - Color hue outside of range: 36
2024-07-16 22:44:13,383 - DEBUG - Color hue outside of range: 31
2024-07-16 22:44:14,144 - DEBUG - Color hue outside of range: 33
2024-07-16 22:44:14,535 - DEBUG - Color hue outside of range: 35
2024-07-16 22:44:16,094 - DEBUG - Color hue outside of range: 34
2024-07-16 22:44:16,094 - DEBUG - Color hue outside of range: 34
2024-07-16 22:44:16,094 - DEBUG - Color hue outside of range: 35
2024-07-16 22:44:16,898 - DEBUG - Color hue outside of range: 33
2024-07-16 22:44:17,912 - DEBUG - Color hue outside of range: 35
2024-07-16 22:44:17,912 - DEBUG - Color hue outside of range: 33
2024-07-16 22:44:17,912 - DEBUG - Color hue outside of range: 34
2024-07-16 22:44:17,912 - DEBUG - Color hue outside of range: 89
2024-07-16 22:44:19,395 - DEBUG - Color hue outside of range: 34
2024-07-16 22:44:19,814 - DEBUG - Color hue outside of range: 34
2024-07-16 22:44:21,113 - DEBUG - Color hue outside of range: 34
2024-07-16 22:44:22,825 - DEBUG - Color hue outside of range: 33
2024-07-16 22:44:22,825 - DEBUG - Color hue outside of range: 33
2024-07-16 22:44:22,825 - DEBUG - Color hue outside of range: 34
2024-07-16 22:44:23,216 - DEBUG - Color hue outside of range: 33
2024-07-16 22:44:23,216 - DEBUG - Color hue outside of range: 34
2024-07-16 22:44:26,985 - DEBUG - Color hue outside of range: 34
2024-07-16 22:44:27,368 - DEBUG - Color hue outside of range: 33
2024-07-16 22:44:29,696 - DEBUG - Color hue outside of range: 34
2024-07-16 22:44:29,696 - DEBUG - Color hue outside of range: 32
2024-07-16 22:44:30,057 - DEBUG - Color hue outside of range: 34
2024-07-16 22:44:31,283 - DEBUG - Color hue outside of range: 34
2024-07-16 22:44:31,685 - DEBUG - Color hue outside of range: 34
2024-07-16 22:44:32,083 - DEBUG - Color hue outside of range: 93
2024-07-16 22:44:32,858 - DEBUG - Color hue outside of range: 88
2024-07-16 22:44:32,858 - DEBUG - Color hue outside of range: 35
2024-07-16 22:44:33,815 - DEBUG - Color hue outside of range: 34
2024-07-16 22:44:34,940 - DEBUG - Color hue outside of range: 35
2024-07-16 22:44:35,733 - DEBUG - Color hue outside of range: 35
2024-07-16 22:44:36,116 - DEBUG - Color hue outside of range: 31
2024-07-16 22:44:36,117 - DEBUG - Color hue outside of range: 89
2024-07-16 22:44:37,583 - DEBUG - Color hue outside of range: 31
2024-07-16 22:44:37,583 - DEBUG - Color hue outside of range: 37
2024-07-16 22:44:38,105 - DEBUG - Color hue outside of range: 34
2024-07-16 22:44:38,487 - DEBUG - Color hue outside of range: 34
2024-07-16 22:44:39,249 - DEBUG - Color hue outside of range: 34
2024-07-16 22:44:40,381 - DEBUG - Color hue outside of range: 34
2024-07-16 22:44:40,381 - DEBUG - Color hue outside of range: 34
2024-07-16 22:44:40,767 - DEBUG - Color hue outside of range: 34
2024-07-16 22:44:41,909 - DEBUG - Color hue outside of range: 35
2024-07-16 22:44:41,909 - DEBUG - Color hue outside of range: 34
2024-07-16 22:44:42,671 - DEBUG - Color hue outside of range: 33
2024-07-16 22:44:42,671 - DEBUG - Color hue outside of range: 34
2024-07-16 22:44:43,038 - DEBUG - Color hue outside of range: 34
2024-07-16 22:44:44,636 - DEBUG - Color hue outside of range: 34
2024-07-16 22:44:45,395 - DEBUG - Color hue outside of range: 34
2024-07-16 22:44:45,943 - DEBUG - Color hue outside of range: 32
2024-07-16 22:44:46,499 - DEBUG - Color hue outside of range: 32
2024-07-16 22:44:46,500 - DEBUG - Color hue outside of range: 31
2024-07-16 22:44:46,500 - DEBUG - Color hue outside of range: 33
2024-07-16 22:44:47,783 - DEBUG - Color hue outside of range: 32
2024-07-16 22:44:48,131 - DEBUG - Color hue outside of range: 32
2024-07-16 22:44:49,020 - DEBUG - Color hue outside of range: 90
2024-07-16 22:44:49,780 - DEBUG - Color hue outside of range: 34
2024-07-16 22:44:50,728 - DEBUG - Color hue outside of range: 33
2024-07-16 22:44:52,136 - DEBUG - Color hue outside of range: 34
2024-07-16 22:44:52,536 - DEBUG - Color hue outside of range: 33
2024-07-16 22:44:53,080 - DEBUG - Color hue outside of range: 33
2024-07-16 22:44:53,080 - DEBUG - Color hue outside of range: 31
2024-07-16 22:44:53,715 - DEBUG - Color hue outside of range: 34
2024-07-16 22:44:54,885 - DEBUG - Color hue outside of range: 31
2024-07-16 22:44:55,407 - DEBUG - Color hue outside of range: 34
2024-07-16 22:44:55,407 - DEBUG - Color hue outside of range: 33
2024-07-16 22:44:56,109 - DEBUG - Color hue outside of range: 34
2024-07-16 22:44:56,109 - DEBUG - Color hue outside of range: 34
2024-07-16 22:44:56,822 - DEBUG - Color hue outside of range: 33
2024-07-16 22:44:57,210 - DEBUG - Color hue outside of range: 32
2024-07-16 22:44:57,568 - DEBUG - Color hue outside of range: 32
2024-07-16 22:44:59,167 - DEBUG - Color hue outside of range: 33
2024-07-16 22:44:59,167 - DEBUG - Color hue outside of range: 33
2024-07-16 22:44:59,983 - DEBUG - Color hue outside of range: 34
2024-07-16 22:45:00,832 - DEBUG - Color hue outside of range: 34
2024-07-16 22:45:01,705 - DEBUG - Color hue outside of range: 32
2024-07-16 22:45:02,453 - DEBUG - Color hue outside of range: 34
2024-07-16 22:45:03,535 - DEBUG - Color hue outside of range: 34
2024-07-16 22:45:03,862 - DEBUG - Color hue outside of range: 34
2024-07-16 22:45:03,862 - DEBUG - Color hue outside of range: 89
2024-07-16 22:45:03,862 - DEBUG - Color hue outside of range: 34
2024-07-16 22:45:04,556 - DEBUG - Color hue outside of range: 34
2024-07-16 22:45:04,556 - DEBUG - Color hue outside of range: 32
2024-07-16 22:45:04,948 - DEBUG - Color hue outside of range: 34
2024-07-16 22:45:05,330 - DEBUG - Color hue outside of range: 34
2024-07-16 22:45:06,027 - DEBUG - Color hue outside of range: 33
2024-07-16 22:45:08,244 - DEBUG - Color hue outside of range: 33
2024-07-16 22:45:08,991 - DEBUG - Color hue outside of range: 34
2024-07-16 22:45:09,331 - DEBUG - Color hue outside of range: 34
2024-07-16 22:45:10,308 - DEBUG - Color hue outside of range: 34
2024-07-16 22:45:13,648 - DEBUG - Color hue outside of range: 89
2024-07-16 22:45:15,117 - DEBUG - Color hue outside of range: 34
2024-07-16 22:45:15,889 - DEBUG - Color hue outside of range: 34
2024-07-16 22:45:15,889 - DEBUG - Color hue outside of range: 34
2024-07-16 22:45:16,266 - DEBUG - Color hue outside of range: 34
2024-07-16 22:45:16,690 - DEBUG - Color hue outside of range: 33
2024-07-16 22:45:21,944 - DEBUG - Color hue outside of range: 33
2024-07-16 22:45:25,090 - DEBUG - Color hue outside of range: 33
2024-07-16 22:45:25,461 - DEBUG - Color hue outside of range: 88
2024-07-16 22:45:27,804 - DEBUG - Color hue outside of range: 32
2024-07-16 22:45:33,130 - DEBUG - Color hue outside of range: 33
2024-07-16 22:45:36,204 - DEBUG - Color hue outside of range: 31
2024-07-16 22:45:40,162 - DEBUG - Color hue outside of range: 34
2024-07-16 22:45:40,558 - DEBUG - Color hue outside of range: 33
2024-07-16 22:45:40,558 - DEBUG - Color hue outside of range: 33
2024-07-16 22:45:41,737 - DEBUG - Color hue outside of range: 33
2024-07-16 22:45:46,459 - DEBUG - Color hue outside of range: 31
2024-07-16 22:45:49,975 - DEBUG - Color hue outside of range: 35
2024-07-16 22:45:52,611 - DEBUG - Color hue outside of range: 31
2024-07-16 22:45:55,614 - DEBUG - Color hue outside of range: 34
2024-07-16 22:45:56,368 - DEBUG - Color hue outside of range: 31
2024-07-16 22:45:57,181 - DEBUG - Color hue outside of range: 34
2024-07-16 22:45:57,981 - DEBUG - Color hue outside of range: 34
2024-07-16 22:45:58,350 - DEBUG - Color hue outside of range: 34
2024-07-16 22:45:58,743 - DEBUG - Color hue outside of range: 34
2024-07-16 22:45:59,517 - DEBUG - Color hue outside of range: 35
2024-07-16 22:46:00,801 - DEBUG - Color hue outside of range: 87
2024-07-16 22:46:05,148 - DEBUG - Color hue outside of range: 31
2024-07-16 22:46:07,476 - DEBUG - Color hue outside of range: 32
2024-07-16 22:46:07,477 - DEBUG - Color hue outside of range: 34
2024-07-16 22:46:08,995 - DEBUG - Color hue outside of range: 34
2024-07-16 22:46:10,572 - DEBUG - Color hue outside of range: 32
2024-07-16 22:46:10,572 - DEBUG - Color hue outside of range: 32
2024-07-16 22:46:11,344 - DEBUG - Color hue outside of range: 35
2024-07-16 22:46:12,163 - DEBUG - Color hue outside of range: 34
2024-07-16 22:46:13,690 - DEBUG - Color hue outside of range: 34
2024-07-16 22:46:14,410 - DEBUG - Color hue outside of range: 34
2024-07-16 22:46:14,411 - DEBUG - Color hue outside of range: 34
2024-07-16 22:46:14,762 - DEBUG - Color hue outside of range: 32
2024-07-16 22:46:15,173 - DEBUG - Color hue outside of range: 33
2024-07-16 22:46:15,173 - DEBUG - Color hue outside of range: 33
2024-07-16 22:46:15,944 - DEBUG - Color hue outside of range: 32
2024-07-16 22:46:17,056 - DEBUG - Color hue outside of range: 34
2024-07-16 22:46:17,788 - DEBUG - Color hue outside of range: 34
2024-07-16 22:46:17,789 - DEBUG - Color hue outside of range: 34
2024-07-16 22:46:17,789 - DEBUG - Color hue outside of range: 33
2024-07-16 22:46:18,524 - DEBUG - Color hue outside of range: 89
2024-07-16 22:46:18,891 - DEBUG - Color hue outside of range: 89
2024-07-16 22:46:20,006 - DEBUG - Color hue outside of range: 33
2024-07-16 22:46:21,095 - DEBUG - Color hue outside of range: 35
2024-07-16 22:46:21,096 - DEBUG - Color hue outside of range: 35
2024-07-16 22:46:21,483 - DEBUG - Color hue outside of range: 34
2024-07-16 22:46:22,348 - DEBUG - Color hue outside of range: 34
2024-07-16 22:46:23,540 - DEBUG - Color hue outside of range: 31
2024-07-16 22:46:27,638 - DEBUG - Color hue outside of range: 35
2024-07-16 22:46:30,078 - DEBUG - Color hue outside of range: 34
2024-07-16 22:46:30,914 - DEBUG - Color hue outside of range: 34
2024-07-16 22:46:31,700 - DEBUG - Color hue outside of range: 33
2024-07-16 22:46:35,204 - DEBUG - Color hue outside of range: 34
2024-07-16 22:46:35,204 - DEBUG - Color hue outside of range: 34
2024-07-16 22:46:37,890 - DEBUG - Color hue outside of range: 34
2024-07-16 22:46:39,783 - DEBUG - Color hue outside of range: 35
2024-07-16 22:46:40,559 - DEBUG - Color hue outside of range: 34
2024-07-16 22:46:41,354 - DEBUG - Color hue outside of range: 34
2024-07-16 22:46:41,354 - DEBUG - Color hue outside of range: 34
2024-07-16 22:46:42,504 - DEBUG - Color hue outside of range: 33
2024-07-16 22:46:43,706 - DEBUG - Color hue outside of range: 34
2024-07-16 22:46:43,707 - DEBUG - Color hue outside of range: 34
2024-07-16 22:46:44,470 - DEBUG - Color hue outside of range: 34
2024-07-16 22:46:44,880 - DEBUG - Color hue outside of range: 34
2024-07-16 22:46:45,310 - DEBUG - Color hue outside of range: 35
2024-07-16 22:46:45,311 - DEBUG - Color hue outside of range: 34
2024-07-16 22:46:46,117 - DEBUG - Color hue outside of range: 32
2024-07-16 22:46:46,529 - DEBUG - Color hue outside of range: 34
2024-07-16 22:46:46,890 - DEBUG - Color hue outside of range: 34
2024-07-16 22:46:48,679 - DEBUG - Color hue outside of range: 34
2024-07-16 22:46:50,211 - DEBUG - Color hue outside of range: 34
2024-07-16 22:46:50,211 - DEBUG - Color hue outside of range: 34
2024-07-16 22:46:50,211 - DEBUG - Color hue outside of range: 34
2024-07-16 22:46:51,352 - DEBUG - Color hue outside of range: 34
2024-07-16 22:46:51,352 - DEBUG - Color hue outside of range: 35
2024-07-16 22:46:52,114 - DEBUG - Color hue outside of range: 34
2024-07-16 22:46:52,114 - DEBUG - Color hue outside of range: 35
2024-07-16 22:46:52,114 - DEBUG - Color hue outside of range: 33
2024-07-16 22:46:52,863 - DEBUG - Color hue outside of range: 35
2024-07-16 22:46:53,238 - DEBUG - Color hue outside of range: 33
2024-07-16 22:46:53,612 - DEBUG - Color hue outside of range: 34
2024-07-16 22:46:54,417 - DEBUG - Color hue outside of range: 35
2024-07-16 22:46:55,194 - DEBUG - Color hue outside of range: 34
2024-07-16 22:46:55,194 - DEBUG - Color hue outside of range: 35
2024-07-16 22:46:56,759 - DEBUG - Color hue outside of range: 34
2024-07-16 22:46:57,513 - DEBUG - Color hue outside of range: 32
2024-07-16 22:46:59,135 - DEBUG - Color hue outside of range: 35
2024-07-16 22:46:59,135 - DEBUG - Color hue outside of range: 33
2024-07-16 22:46:59,135 - DEBUG - Color hue outside of range: 34
2024-07-16 22:46:59,529 - DEBUG - Color hue outside of range: 33
2024-07-16 22:46:59,529 - DEBUG - Color hue outside of range: 34
2024-07-16 22:47:00,695 - DEBUG - Color hue outside of range: 34
2024-07-16 22:47:00,695 - DEBUG - Color hue outside of range: 34
2024-07-16 22:47:01,441 - DEBUG - Color hue outside of range: 34
2024-07-16 22:47:02,249 - DEBUG - Color hue outside of range: 35
2024-07-16 22:47:02,249 - DEBUG - Color hue outside of range: 35
2024-07-16 22:47:02,249 - DEBUG - Color hue outside of range: 34
2024-07-16 22:47:03,041 - DEBUG - Color hue outside of range: 35
2024-07-16 22:47:03,881 - DEBUG - Color hue outside of range: 34
2024-07-16 22:47:04,288 - DEBUG - Color hue outside of range: 36
2024-07-16 22:47:04,700 - DEBUG - Color hue outside of range: 33
2024-07-16 22:47:05,446 - DEBUG - Color hue outside of range: 34
2024-07-16 22:47:05,446 - DEBUG - Color hue outside of range: 35
2024-07-16 22:47:06,905 - DEBUG - Color hue outside of range: 34
2024-07-16 22:47:06,905 - DEBUG - Color hue outside of range: 34
2024-07-16 22:47:06,905 - DEBUG - Color hue outside of range: 33
2024-07-16 22:47:07,745 - DEBUG - Color hue outside of range: 34
2024-07-16 22:47:08,497 - DEBUG - Color hue outside of range: 35
2024-07-16 22:47:08,498 - DEBUG - Color hue outside of range: 34
2024-07-16 22:47:09,611 - DEBUG - Color hue outside of range: 34
2024-07-16 22:47:09,998 - DEBUG - Color hue outside of range: 34
2024-07-16 22:47:10,756 - DEBUG - Color hue outside of range: 34
2024-07-16 22:47:10,756 - DEBUG - Color hue outside of range: 35
2024-07-16 22:47:12,987 - DEBUG - Color hue outside of range: 33
2024-07-16 22:47:14,481 - DEBUG - Color hue outside of range: 34
2024-07-16 22:47:15,245 - DEBUG - Color hue outside of range: 34
2024-07-16 22:47:15,973 - DEBUG - Color hue outside of range: 34
2024-07-16 22:47:16,712 - DEBUG - Color hue outside of range: 34
2024-07-16 22:47:16,712 - DEBUG - Color hue outside of range: 34
2024-07-16 22:47:17,499 - DEBUG - Color hue outside of range: 35
2024-07-16 22:47:18,701 - DEBUG - Color hue outside of range: 34
2024-07-16 22:47:18,701 - DEBUG - Color hue outside of range: 32
2024-07-16 22:47:19,837 - DEBUG - Color hue outside of range: 35
2024-07-16 22:47:19,837 - DEBUG - Color hue outside of range: 34
2024-07-16 22:47:19,837 - DEBUG - Color hue outside of range: 34
2024-07-16 22:47:20,214 - DEBUG - Color hue outside of range: 34
2024-07-16 22:47:21,326 - DEBUG - Color hue outside of range: 34
2024-07-16 22:47:21,771 - DEBUG - Color hue outside of range: 34
2024-07-16 22:47:24,568 - DEBUG - Color hue outside of range: 34
2024-07-16 22:47:24,568 - DEBUG - Color hue outside of range: 34
2024-07-16 22:47:26,932 - DEBUG - Color hue outside of range: 35
2024-07-16 22:47:27,292 - DEBUG - Color hue outside of range: 34
2024-07-16 22:47:28,016 - DEBUG - Color hue outside of range: 84
2024-07-16 22:47:28,417 - DEBUG - Color hue outside of range: 34
2024-07-16 22:47:28,417 - DEBUG - Color hue outside of range: 84
2024-07-16 22:47:29,718 - DEBUG - Color hue outside of range: 84
2024-07-16 22:47:30,159 - DEBUG - Color hue outside of range: 34
2024-07-16 22:47:30,159 - DEBUG - Color hue outside of range: 35
2024-07-16 22:47:31,456 - DEBUG - Color hue outside of range: 33
2024-07-16 22:47:31,918 - DEBUG - Color hue outside of range: 34
2024-07-16 22:47:32,806 - DEBUG - Color hue outside of range: 90
2024-07-16 22:47:33,278 - DEBUG - Color hue outside of range: 34
2024-07-16 22:47:33,708 - DEBUG - Color hue outside of range: 35
2024-07-16 22:47:34,583 - DEBUG - Total number of objects that should have been detected 8294
2024-07-16 22:47:34,583 - DEBUG - Total number of objects that was detected: 64.44%
2024-07-16 22:47:34,584 - DEBUG - Total number of objects tracked:, 9.7058%
2024-07-16 22:47:34,584 - DEBUG - Object Tracking succeeded
2024-07-16 22:47:34,584 - DEBUG - Total time taken: 293.731811 seconds
